=== 1996 Oct 03  12:43:59
Error Message: Unable to open image - C:\www\dbsinyc\wwwroot\cgi-bin\cntrgifs\0irons-w6.gif.

=== 1996 Oct 03  12:44:23
Error Message: Unable to open image - C:\www\dbsinyc\wwwroot\cgi-bin\cntrgifs\0irons-w6.gif.

=== 1996 Oct 10  09:39:11
Error Message: Attempted Counter Terrorism by http://207.111.67.11/bigel/jordan.htm.

=== 1996 Oct 14  03:02:06
Error Message: Attempted Counter Terrorism by http://www.altavista.digital.com/cgi-bin/query.

=== 1996 Oct 14  23:28:26
Error Message: Attempted Counter Terrorism by file:\\BIG_DOG\D$\HOME\www\tempbigel.htm.

=== 1996 Oct 14  23:29:27
Error Message: Attempted Counter Terrorism by file://D:\HOME\www\tempbigel.htm.

=== 1996 Oct 14  23:29:40
Error Message: Attempted Counter Terrorism by file://D:\HOME\www\tempbigel.htm.

=== 1996 Oct 14  23:32:36
Error Message: Attempted Counter Terrorism by file://D:\HOME\www\tempbigel.htm.

=== 1996 Oct 14  23:33:34
Error Message: Attempted Counter Terrorism by file://D:\HOME\www\tempbigel.htm.

=== 1996 Oct 17  01:12:16
Error Message: Attempted Counter Terrorism by file:///D|/HOME/www/tempbigel.htm.

=== 1996 Oct 17  01:15:47
Error Message: Attempted Counter Terrorism by file:///D|/HOME/www/tempbigel.htm.

=== 1996 Oct 17  01:17:29
Error Message: Attempted Counter Terrorism by file:///D|/HOME/www/tempbigel.htm.

=== 1996 Oct 17  01:18:04
Error Message: Attempted Counter Terrorism by file:///D|/HOME/www/tempbigel.htm.

=== 1996 Oct 17  01:18:27
Error Message: Attempted Counter Terrorism by file:///D|/HOME/www/tempbigel.htm.

=== 1996 Oct 17  01:19:23
Error Message: Attempted Counter Terrorism by file:///D|/HOME/www/tempbigel.htm.

=== 1996 Oct 17  01:19:42
Error Message: Attempted Counter Terrorism by file:///D|/HOME/www/tempbigel.htm.

=== 1996 Oct 17  01:32:50
Error Message: Attempted Counter Terrorism by file:///D|/HOME/www/tempbigel.htm.

=== 1996 Oct 17  01:41:26
Error Message: Attempted Counter Terrorism by file:///D|/HOME/www/tempbigel.htm.

=== 1996 Oct 17  01:42:00
Error Message: Attempted Counter Terrorism by file:///D|/HOME/www/tempbigel.htm.

=== 1996 Oct 17  01:49:46
Error Message: Attempted Counter Terrorism by file:///D|/HOME/www/tempbigel.htm.

=== 1996 Oct 17  01:51:05
Error Message: Attempted Counter Terrorism by file:///D|/HOME/www/tempbigel.htm.

=== 1996 Oct 17  01:58:17
Error Message: Attempted Counter Terrorism by file:///D|/HOME/www/tempbigel.htm.

=== 1996 Oct 17  20:00:36
Error Message: Attempted Counter Terrorism by http://207.111.67.11/bigel/.

=== 1996 Oct 21  13:06:11
Error Message: Attempted Counter Terrorism by file:C:\test.html.

=== 1996 Oct 21  13:07:15
Error Message: Attempted Counter Terrorism by file:///c:/test.html.

=== 1996 Oct 21  18:58:20
Error Message: Attempted Counter Terrorism by http://207.111.67.11/bigel/.

=== 1996 Oct 21  20:22:05
Error Message: Attempted Counter Terrorism by http://207.111.67.11/bigel/.

=== 1996 Oct 22  00:37:57
Error Message: Attempted Counter Terrorism by file:///c:/testjava.html.

=== 1996 Oct 22  09:05:23
Error Message: Attempted Counter Terrorism by http://207.111.67.11/bigel/index.htm.

=== 1996 Oct 22  09:32:39
Error Message: Attempted Counter Terrorism by http://207.111.67.11/bigel/index.htm.

=== 1996 Oct 22  09:52:35
Error Message: Attempted Counter Terrorism by http://207.111.67.11/bigel/index.htm.

=== 1996 Oct 22  17:08:17
Error Message: Attempted Counter Terrorism by http://207.111.67.11/bigel/index.htm.

=== 1996 Oct 22  22:40:23
Error Message: Attempted Counter Terrorism by http://207.111.67.11/bigel/.

=== 1996 Oct 23  11:07:02
Error Message: Attempted Counter Terrorism by http://207.111.67.11/bigel/index.htm.

=== 1996 Oct 27  11:43:04
Error Message: Attempted Counter Terrorism by http://207.111.67.11/bigel/.

=== 1996 Oct 27  11:43:59
Error Message: Attempted Counter Terrorism by http://207.111.67.11/bigel/index.htm.

=== 1996 Oct 27  11:50:23
Error Message: Attempted Counter Terrorism by http://207.111.67.11/bigel/index.htm.

=== 1996 Oct 27  11:51:45
Error Message: Attempted Counter Terrorism by http://207.111.67.11/bigel/index.htm.

=== 1996 Oct 27  11:54:29
Error Message: Attempted Counter Terrorism by http://207.111.67.11/bigel/.

=== 1996 Oct 27  11:55:43
Error Message: Attempted Counter Terrorism by http://207.111.67.11/bigel/.

=== 1996 Nov 08  15:36:33
Error Message: Attempted Counter Terrorism by http://207.111.67.11/bigel/bridesguide/.

=== 1996 Nov 09  08:43:12
Error Message: Attempted Counter Terrorism by http://207.111.67.11/bigel/bridesguide/.

=== 1996 Nov 09  23:17:13
Error Message: Attempted Counter Terrorism by http://www.altavista.digital.com/cgi-bin/query.

=== 1996 Nov 18  11:49:36
Error Message: Attempted Counter Terrorism by file://C:\test.html.

=== 1996 Nov 19  11:20:05
Error Message: Attempted Counter Terrorism by file://C:\test.html.

=== 1996 Nov 21  13:15:54
Error Message: Attempted Counter Terrorism by file://C:\test.html.

=== 1996 Nov 21  13:41:09
Error Message: Attempted Counter Terrorism by file://C:\test.html.

=== 1996 Nov 23  13:45:49
Error Message: Attempted Counter Terrorism by http://207.111.67.11/JayRobot/.

=== 1996 Nov 23  13:52:57
Error Message: Attempted Counter Terrorism by http://207.111.67.11/JayRobot/.

=== 1996 Nov 28  08:28:29
Error Message: Attempted Counter Terrorism by http://207.111.67.11/bigel/.

=== 1996 Nov 28  20:10:08
Error Message: Attempted Counter Terrorism by http://www.altavista.digital.com/cgi-bin/query.

=== 1996 Dec 02  17:11:02
Error Message: Attempted Counter Terrorism by http://207.111.67.11/JayRobot/.

=== 1996 Dec 04  22:55:03
Error Message: Attempted Counter Terrorism by http://207.111.67.11/bigel/.

=== 1996 Dec 12  14:08:00
Error Message: Attempted Counter Terrorism by http://207.111.67.11/JayRobot/.

=== 1996 Dec 26  21:04:09
Error Message: Attempted Counter Terrorism by http://dbsinyc.com/bigel/bridesguide/.

=== 1997 Jan 06  00:51:34
Error Message: Attempted Counter Terrorism by http://www.geocities.com/SunsetStrip/8516/interest.html.

=== 1997 Jan 08  16:04:29
Error Message: Attempted Counter Terrorism by http://207.111.67.11/JayRobot/Trading.htm.

=== 1997 Jan 08  16:11:33
Error Message: Attempted Counter Terrorism by http://207.111.67.11/JayRobot/Trading.htm.

=== 1997 Jan 12  16:57:42
Error Message: Attempted Counter Terrorism by http://members.aol.com/illgatez/links.htm.

=== 1997 Jan 12  23:06:01
Error Message: Attempted Counter Terrorism by http://members.aol.com/illgatez/links.htm.

=== 1997 Jan 14  19:49:13
Error Message: Attempted Counter Terrorism by http://dbsinyc.com/jayrobot/.

=== 1997 Jan 14  19:50:05
Error Message: Attempted Counter Terrorism by http://dbsinyc.com/jayrobot/Trading.htm.

=== 1997 Jan 15  20:44:20
Error Message: Attempted Counter Terrorism by http://DBSINYC.COM/JAYROBOT/.

=== 1997 Jan 15  20:44:42
Error Message: Attempted Counter Terrorism by http://DBSINYC.COM/JAYROBOT/Trading.htm.

=== 1997 Jan 15  20:47:57
Error Message: Attempted Counter Terrorism by http://DBSINYC.COM/JAYROBOT/.

=== 1997 Jan 15  20:48:07
Error Message: Attempted Counter Terrorism by http://DBSINYC.COM/JAYROBOT/Trading.htm.

=== 1997 Jan 19  04:36:47
Error Message: Attempted Counter Terrorism by http://www.weddingweb.com/expert.advice/rita.bigel.html.

=== 1997 Jan 22  10:23:17
Error Message: Attempted Counter Terrorism by http://dbsinyc.com/JayRobot/.

=== 1997 Jan 23  18:45:21
Error Message: Attempted Counter Terrorism by http://www.weddingweb.com/expert.advice/rita.bigel.html.

=== 1997 Jan 24  13:05:29
Error Message: Attempted Counter Terrorism by http://www.weddingweb.com/expert.advice/rita.bigel.html.

=== 1997 Jan 30  09:55:07
Error Message: Unable to open image - C:\www\dbsinyc\wwwroot\cgi-bin\cntrgifs\0Katt36.gif.

=== 1997 Feb 04  11:13:09
Error Message: Attempted Counter Terrorism by http://www.capital.net/users/jayrobot/.

=== 1997 Feb 04  23:38:06
Error Message: Attempted Counter Terrorism by http://www.excite.com/search.gw.

=== 1997 Feb 05  19:36:11
Error Message: Attempted Counter Terrorism by http://www.weddingweb.com/expert.advice/rita.bigel.html.

=== 1997 Feb 07  14:46:42
Error Message: Attempted Counter Terrorism by http://www.capital.net/users/jayrobot/Trading.htm.

=== 1997 Feb 08  16:23:59
Error Message: Attempted Counter Terrorism by http://www.weddingweb.com/expert.advice/rita.bigel.html.

=== 1997 Feb 10  01:15:10
Error Message: Attempted Counter Terrorism by http://www.weddingweb.com/expert.advice/rita.bigel.html.

=== 1997 Feb 13  18:39:26
Error Message: Attempted Counter Terrorism by http://www.geocities.com/SunsetStrip/Alley/5647/trader.html.

=== 1997 Feb 16  18:44:19
Error Message: Attempted Counter Terrorism by http://www.weddingweb.com/expert.advice/rita.bigel.html.

=== 1997 Feb 20  19:27:08
Error Message: Attempted Counter Terrorism by http://www.weddingweb.com/expert.advice/rita.bigel.html.

=== 1997 Feb 25  08:58:40
Error Message: Attempted Counter Terrorism by http://www.weddingweb.com/expert.advice/rita.bigel.html.

=== 1997 Feb 28  23:56:21
Error Message: Attempted Counter Terrorism by file:\\BIG_DOG\BIG_DOG_D\HOME\www\BigelWeb\TickerTape\tempbigel.htm.

=== 1997 Mar 02  15:06:32
Error Message: Attempted Counter Terrorism by http://www.weddingweb.com/expert.advice/rita.bigel.html.

=== 1997 Mar 07  19:44:25
Error Message: Attempted Counter Terrorism by http://webcrawler.com/cgi-bin/AOLChannel.

=== 1997 Mar 09  20:05:46
Error Message: Attempted Counter Terrorism by http://www.weddingweb.com/expert.advice/rita.bigel.html.

=== 1997 Mar 10  14:44:47
Error Message: Attempted Counter Terrorism by http://fly.HiWAAY.net/~leonc/tutl/tutlqtot.htm.

=== 1997 Mar 12  13:42:20
Error Message: Attempted Counter Terrorism by file:///A|/Trading.htm.

=== 1997 Mar 13  18:55:32
Error Message: Attempted Counter Terrorism by http://www.weddingweb.com/expert.advice/rita.bigel.html.

=== 1997 Mar 14  03:55:16
Error Message: Attempted Counter Terrorism by http://www.weddingweb.com/expert.advice/rita.bigel.html.

=== 1997 Mar 21  20:17:50
Error Message: Attempted Counter Terrorism by http://www.weddingweb.com/expert.advice/rita.bigel.html.

=== 1997 Mar 23  18:20:13
Error Message: Attempted Counter Terrorism by http://www.weddingweb.com/expert.advice/rita.bigel.html.

=== 1997 Mar 27  10:04:24
Error Message: Attempted Counter Terrorism by http://dbsinyc.com/jayrobot/Trading.htm.

=== 1997 Mar 27  10:04:38
Error Message: Attempted Counter Terrorism by http://dbsinyc.com/jayrobot/.

=== 1997 Mar 27  11:08:52
Error Message: Attempted Counter Terrorism by http://www.rubystaphouse.com/.

=== 1997 Mar 27  11:09:06
Error Message: Attempted Counter Terrorism by http://www.rubystaphouse.com/.

=== 1997 Mar 27  11:12:10
Error Message: Attempted Counter Terrorism by http://www.rubystaphouse.com/.

=== 1997 Mar 27  11:15:21
Error Message: Unable to open image - C:\www\dbsinyc\wwwroot\cgi-bin\cntrgifs\0Wood3D.gif.

=== 1997 Mar 27  11:15:47
Error Message: Unable to open image - C:\www\dbsinyc\wwwroot\cgi-bin\cntrgifs\0Wood3D.gif.

=== 1997 Mar 29  01:18:45
Error Message: Attempted Counter Terrorism by http://www.weddingweb.com/expert.advice/rita.bigel.html.

=== 1997 Apr 01  01:54:19
Error Message: Attempted Counter Terrorism by http://www.weddingweb.com/expert.advice/rita.bigel.html.

=== 1997 Apr 01  02:13:16
Error Message: Attempted Counter Terrorism by http://www.geocities.com/SunsetStrip/Alley/5647/death.html.

=== 1997 Apr 01  20:10:00
Error Message: Attempted Counter Terrorism by http://www.nycbeer.org/drinking.html.

=== 1997 Apr 02  23:31:25
Error Message: Attempted Counter Terrorism by http://www.geocities.com/SunsetStrip/Alley/5647/trader.html.

=== 1997 Apr 09  09:44:07
Error Message: Attempted Counter Terrorism by http://kinsale.com/.

=== 1997 Apr 09  12:17:32
Error Message: Attempted Counter Terrorism by http://www.kinsale.com/.

=== 1997 Apr 09  12:18:55
Error Message: Attempted Counter Terrorism by http://www.kinsale.com/.

=== 1997 Apr 10  04:25:32
Error Message: Attempted Counter Terrorism by http://www.weddingweb.com/expert.advice/rita.bigel.html.

=== 1997 Apr 10  22:53:20
Error Message: Attempted Counter Terrorism by http://207.111.67.12/bars/RubysTapHouse.htm.

=== 1997 Apr 11  11:58:02
Error Message: Attempted Counter Terrorism by http://www.rubystaphouse.com/.

=== 1997 Apr 14  14:30:23
Error Message: Attempted Counter Terrorism by http://www.rubystaphouse.com/.

=== 1997 Apr 14  22:07:39
Error Message: Attempted Counter Terrorism by http://www.rubystaphouse.com/.

=== 1997 Apr 14  23:26:02
Error Message: Attempted Counter Terrorism by http://www.weddingweb.com/expert.advice/rita.bigel.html.

=== 1997 Apr 17  17:43:02
Error Message: Attempted Counter Terrorism by http://www.weddingweb.com/expert.advice/rita.bigel.html.

=== 1997 Apr 19  04:34:34
Error Message: Attempted Counter Terrorism by http://www.weddingweb.com/expert.advice/rita.bigel.html.

=== 1997 Apr 19  23:35:16
Error Message: Attempted Counter Terrorism by http://www.weddingweb.com/expert.advice/rita.bigel.html.

=== 1997 Apr 22  20:22:07
Error Message: Attempted Counter Terrorism by http://www.weddingweb.com/expert.advice/rita.bigel.html.

=== 1997 Apr 25  20:31:12
Error Message: Attempted Counter Terrorism by http://fly.HiWAAY.net/~leonc/tutl/tutlqtot.htm.

=== 1997 Apr 26  16:29:43
Error Message: Attempted Counter Terrorism by http://www.weddingweb.com/expert.advice/rita.bigel.html.

=== 1997 Apr 29  17:09:04
Error Message: Attempted Counter Terrorism by http://tapetracker.com/traderindex/SearchResultsSummary.asp.

=== 1997 Apr 30  11:40:51
Error Message: Attempted Counter Terrorism by http://www.weddingweb.com/expert.advice/rita.bigel.html.

=== 1997 May 03  11:39:48
Error Message: Attempted Counter Terrorism by http://www.weddingweb.com/expert.advice/rita.bigel.html.

=== 1997 May 03  22:12:12
Error Message: Attempted Counter Terrorism by http://www.weddingweb.com/expert.advice/rita.bigel.html.

=== 1997 May 06  19:38:28
Error Message: Attempted Counter Terrorism by file:\\LUCIFER\DIABLO\www\rubystaphouse\wwwroot\INDEX.HTM.

=== 1997 May 07  02:41:37
Error Message: Attempted Counter Terrorism by http://fly.HiWAAY.net/~leonc/tutl/tutlqtot.htm.

=== 1997 May 07  13:08:42
Error Message: Attempted Counter Terrorism by http://fly.HiWAAY.net/~leonc/tutl/tutlqtot.htm.

=== 1997 May 07  19:37:34
Error Message: Attempted Counter Terrorism by http://www.weddingweb.com/expert.advice/rita.bigel.html.

=== 1997 May 10  04:58:31
Error Message: Attempted Counter Terrorism by http://www.excite.com/search.gw.

=== 1997 May 14  20:52:06
Error Message: Attempted Counter Terrorism by http://fly.HiWAAY.net/~leonc/tutl/tutlqtot.htm.

=== 1997 May 15  05:04:05
Error Message: Attempted Counter Terrorism by file:C:\WINDOWS\Ty”p”yt„\Index.htm.

=== 1997 May 17  12:14:10
Error Message: Attempted Counter Terrorism by http://www.altavista.digital.com/cgi-bin/query.

=== 1997 May 17  23:57:25
Error Message: Attempted Counter Terrorism by http://fly.HiWAAY.net/~leonc/tutl/tutlqtot.htm.

