As The Sea Parts (USA)
Belial (Finland)
Bestial Summoning (Holland)
Bethzaida (Norway)
Dark Passages Vol. II comp. (UK)
Drawing Blood Art zine (USA)
Elegy zine (Sweden)
Empyrium (Germany)
Garum zine (Spain)
Groinchurn (South Africa)
Homicide (Italy)
Internal Bleeding (USA)
Inverted (Sweden)
Isten zine (Finland)
Krabathor - 1 (Czech.)
Krabathor - 2 (Czech.)
Lobotomy (Sweden)
Mangled Torsos (Ger)
Mastic Scum (Austria)
Mayhem (Norway)
Merciless (Sweden)
Midian (Holland)
Mortuary Drape (Italy)
Naevus (Germany)
Nattefall (Norway)
Nightfall (Greece)
Nocturnus (USA)
Obscenity (Germany)
Order From Chaos (USA)
Pagan Rites (Sweden)
Phantasm (USA)
Prototype (USA)
The Ritual compilation tape (Holland)
Rotting Christ (Greece)
Salem (Israel)
Thorazine zine (South Africa)
Vermin (Sweden)
Voice of Death Records (Sweden)
Voice of Destruction (South Africa)
Warp Spasm - latest release (UK)
Warp Spasm - merchandise (UK)