=== 1996 Oct 03  12:43:59
Error Message: Unable to open image - C:\www\dbsinyc\wwwroot\cgi-bin\cntrgifs\0irons-w6.gif.

=== 1996 Oct 03  12:44:23
Error Message: Unable to open image - C:\www\dbsinyc\wwwroot\cgi-bin\cntrgifs\0irons-w6.gif.

=== 1996 Oct 10  09:39:11
Error Message: Attempted Counter Terrorism by http://207.111.67.11/bigel/jordan.htm.

=== 1996 Oct 14  03:02:06
Error Message: Attempted Counter Terrorism by http://www.altavista.digital.com/cgi-bin/query.

=== 1996 Oct 14  23:28:26
Error Message: Attempted Counter Terrorism by file:\\BIG_DOG\D$\HOME\www\tempbigel.htm.

=== 1996 Oct 14  23:29:27
Error Message: Attempted Counter Terrorism by file://D:\HOME\www\tempbigel.htm.

=== 1996 Oct 14  23:29:40
Error Message: Attempted Counter Terrorism by file://D:\HOME\www\tempbigel.htm.

=== 1996 Oct 14  23:32:36
Error Message: Attempted Counter Terrorism by file://D:\HOME\www\tempbigel.htm.

=== 1996 Oct 14  23:33:34
Error Message: Attempted Counter Terrorism by file://D:\HOME\www\tempbigel.htm.

=== 1996 Oct 17  01:12:16
Error Message: Attempted Counter Terrorism by file:///D|/HOME/www/tempbigel.htm.

=== 1996 Oct 17  01:15:47
Error Message: Attempted Counter Terrorism by file:///D|/HOME/www/tempbigel.htm.

=== 1996 Oct 17  01:17:29
Error Message: Attempted Counter Terrorism by file:///D|/HOME/www/tempbigel.htm.

=== 1996 Oct 17  01:18:04
Error Message: Attempted Counter Terrorism by file:///D|/HOME/www/tempbigel.htm.

=== 1996 Oct 17  01:18:27
Error Message: Attempted Counter Terrorism by file:///D|/HOME/www/tempbigel.htm.

=== 1996 Oct 17  01:19:23
Error Message: Attempted Counter Terrorism by file:///D|/HOME/www/tempbigel.htm.

=== 1996 Oct 17  01:19:42
Error Message: Attempted Counter Terrorism by file:///D|/HOME/www/tempbigel.htm.

=== 1996 Oct 17  01:32:50
Error Message: Attempted Counter Terrorism by file:///D|/HOME/www/tempbigel.htm.

=== 1996 Oct 17  01:41:26
Error Message: Attempted Counter Terrorism by file:///D|/HOME/www/tempbigel.htm.

=== 1996 Oct 17  01:42:00
Error Message: Attempted Counter Terrorism by file:///D|/HOME/www/tempbigel.htm.

=== 1996 Oct 17  01:49:46
Error Message: Attempted Counter Terrorism by file:///D|/HOME/www/tempbigel.htm.

=== 1996 Oct 17  01:51:05
Error Message: Attempted Counter Terrorism by file:///D|/HOME/www/tempbigel.htm.

=== 1996 Oct 17  01:58:17
Error Message: Attempted Counter Terrorism by file:///D|/HOME/www/tempbigel.htm.

=== 1996 Oct 17  20:00:36
Error Message: Attempted Counter Terrorism by http://207.111.67.11/bigel/.

=== 1996 Oct 21  13:06:11
Error Message: Attempted Counter Terrorism by file:C:\test.html.

=== 1996 Oct 21  13:07:15
Error Message: Attempted Counter Terrorism by file:///c:/test.html.

=== 1996 Oct 21  18:58:20
Error Message: Attempted Counter Terrorism by http://207.111.67.11/bigel/.

=== 1996 Oct 21  20:22:05
Error Message: Attempted Counter Terrorism by http://207.111.67.11/bigel/.

=== 1996 Oct 22  00:37:57
Error Message: Attempted Counter Terrorism by file:///c:/testjava.html.

=== 1996 Oct 22  09:05:23
Error Message: Attempted Counter Terrorism by http://207.111.67.11/bigel/index.htm.

=== 1996 Oct 22  09:32:39
Error Message: Attempted Counter Terrorism by http://207.111.67.11/bigel/index.htm.

=== 1996 Oct 22  09:52:35
Error Message: Attempted Counter Terrorism by http://207.111.67.11/bigel/index.htm.

=== 1996 Oct 22  17:08:17
Error Message: Attempted Counter Terrorism by http://207.111.67.11/bigel/index.htm.

=== 1996 Oct 22  22:40:23
Error Message: Attempted Counter Terrorism by http://207.111.67.11/bigel/.

=== 1996 Oct 23  11:07:02
Error Message: Attempted Counter Terrorism by http://207.111.67.11/bigel/index.htm.

=== 1996 Oct 27  11:43:04
Error Message: Attempted Counter Terrorism by http://207.111.67.11/bigel/.

=== 1996 Oct 27  11:43:59
Error Message: Attempted Counter Terrorism by http://207.111.67.11/bigel/index.htm.

=== 1996 Oct 27  11:50:23
Error Message: Attempted Counter Terrorism by http://207.111.67.11/bigel/index.htm.

=== 1996 Oct 27  11:51:45
Error Message: Attempted Counter Terrorism by http://207.111.67.11/bigel/index.htm.

=== 1996 Oct 27  11:54:29
Error Message: Attempted Counter Terrorism by http://207.111.67.11/bigel/.

=== 1996 Oct 27  11:55:43
Error Message: Attempted Counter Terrorism by http://207.111.67.11/bigel/.

=== 1996 Nov 08  15:36:33
Error Message: Attempted Counter Terrorism by http://207.111.67.11/bigel/bridesguide/.

=== 1996 Nov 09  08:43:12
Error Message: Attempted Counter Terrorism by http://207.111.67.11/bigel/bridesguide/.

=== 1996 Nov 09  23:17:13
Error Message: Attempted Counter Terrorism by http://www.altavista.digital.com/cgi-bin/query.

=== 1996 Nov 18  11:49:36
Error Message: Attempted Counter Terrorism by file://C:\test.html.

=== 1996 Nov 19  11:20:05
Error Message: Attempted Counter Terrorism by file://C:\test.html.

=== 1996 Nov 21  13:15:54
Error Message: Attempted Counter Terrorism by file://C:\test.html.

=== 1996 Nov 21  13:41:09
Error Message: Attempted Counter Terrorism by file://C:\test.html.

=== 1996 Nov 23  13:45:49
Error Message: Attempted Counter Terrorism by http://207.111.67.11/JayRobot/.

=== 1996 Nov 23  13:52:57
Error Message: Attempted Counter Terrorism by http://207.111.67.11/JayRobot/.

=== 1996 Nov 28  08:28:29
Error Message: Attempted Counter Terrorism by http://207.111.67.11/bigel/.

=== 1996 Nov 28  20:10:08
Error Message: Attempted Counter Terrorism by http://www.altavista.digital.com/cgi-bin/query.

=== 1996 Dec 02  17:11:02
Error Message: Attempted Counter Terrorism by http://207.111.67.11/JayRobot/.

=== 1996 Dec 04  22:55:03
Error Message: Attempted Counter Terrorism by http://207.111.67.11/bigel/.

=== 1996 Dec 12  14:08:00
Error Message: Attempted Counter Terrorism by http://207.111.67.11/JayRobot/.

=== 1996 Dec 26  21:04:09
Error Message: Attempted Counter Terrorism by http://dbsinyc.com/bigel/bridesguide/.

=== 1997 Jan 06  00:51:34
Error Message: Attempted Counter Terrorism by http://www.geocities.com/SunsetStrip/8516/interest.html.

=== 1997 Jan 08  16:04:29
Error Message: Attempted Counter Terrorism by http://207.111.67.11/JayRobot/Trading.htm.

=== 1997 Jan 08  16:11:33
Error Message: Attempted Counter Terrorism by http://207.111.67.11/JayRobot/Trading.htm.

=== 1997 Jan 12  16:57:42
Error Message: Attempted Counter Terrorism by http://members.aol.com/illgatez/links.htm.

=== 1997 Jan 12  23:06:01
Error Message: Attempted Counter Terrorism by http://members.aol.com/illgatez/links.htm.

=== 1997 Jan 14  19:49:13
Error Message: Attempted Counter Terrorism by http://dbsinyc.com/jayrobot/.

=== 1997 Jan 14  19:50:05
Error Message: Attempted Counter Terrorism by http://dbsinyc.com/jayrobot/Trading.htm.

=== 1997 Jan 15  20:44:20
Error Message: Attempted Counter Terrorism by http://DBSINYC.COM/JAYROBOT/.

=== 1997 Jan 15  20:44:42
Error Message: Attempted Counter Terrorism by http://DBSINYC.COM/JAYROBOT/Trading.htm.

=== 1997 Jan 15  20:47:57
Error Message: Attempted Counter Terrorism by http://DBSINYC.COM/JAYROBOT/.

=== 1997 Jan 15  20:48:07
Error Message: Attempted Counter Terrorism by http://DBSINYC.COM/JAYROBOT/Trading.htm.

=== 1997 Jan 19  04:36:47
Error Message: Attempted Counter Terrorism by http://www.weddingweb.com/expert.advice/rita.bigel.html.

=== 1997 Jan 22  10:23:17
Error Message: Attempted Counter Terrorism by http://dbsinyc.com/JayRobot/.

=== 1997 Jan 23  18:45:21
Error Message: Attempted Counter Terrorism by http://www.weddingweb.com/expert.advice/rita.bigel.html.

=== 1997 Jan 24  13:05:29
Error Message: Attempted Counter Terrorism by http://www.weddingweb.com/expert.advice/rita.bigel.html.

=== 1997 Jan 30  09:55:07
Error Message: Unable to open image - C:\www\dbsinyc\wwwroot\cgi-bin\cntrgifs\0Katt36.gif.

=== 1997 Feb 04  11:13:09
Error Message: Attempted Counter Terrorism by http://www.capital.net/users/jayrobot/.

=== 1997 Feb 04  23:38:06
Error Message: Attempted Counter Terrorism by http://www.excite.com/search.gw.

=== 1997 Feb 05  19:36:11
Error Message: Attempted Counter Terrorism by http://www.weddingweb.com/expert.advice/rita.bigel.html.

=== 1997 Feb 07  14:46:42
Error Message: Attempted Counter Terrorism by http://www.capital.net/users/jayrobot/Trading.htm.

=== 1997 Feb 08  16:23:59
Error Message: Attempted Counter Terrorism by http://www.weddingweb.com/expert.advice/rita.bigel.html.

=== 1997 Feb 10  01:15:10
Error Message: Attempted Counter Terrorism by http://www.weddingweb.com/expert.advice/rita.bigel.html.

=== 1997 Feb 13  18:39:26
Error Message: Attempted Counter Terrorism by http://www.geocities.com/SunsetStrip/Alley/5647/trader.html.

=== 1997 Feb 16  18:44:19
Error Message: Attempted Counter Terrorism by http://www.weddingweb.com/expert.advice/rita.bigel.html.

=== 1997 Feb 20  19:27:08
Error Message: Attempted Counter Terrorism by http://www.weddingweb.com/expert.advice/rita.bigel.html.

=== 1997 Feb 25  08:58:40
Error Message: Attempted Counter Terrorism by http://www.weddingweb.com/expert.advice/rita.bigel.html.

=== 1997 Feb 28  23:56:21
Error Message: Attempted Counter Terrorism by file:\\BIG_DOG\BIG_DOG_D\HOME\www\BigelWeb\TickerTape\tempbigel.htm.

=== 1997 Mar 02  15:06:32
Error Message: Attempted Counter Terrorism by http://www.weddingweb.com/expert.advice/rita.bigel.html.

=== 1997 Mar 07  19:44:25
Error Message: Attempted Counter Terrorism by http://webcrawler.com/cgi-bin/AOLChannel.

=== 1997 Mar 09  20:05:46
Error Message: Attempted Counter Terrorism by http://www.weddingweb.com/expert.advice/rita.bigel.html.

=== 1997 Mar 10  14:44:47
Error Message: Attempted Counter Terrorism by http://fly.HiWAAY.net/~leonc/tutl/tutlqtot.htm.

=== 1997 Mar 12  13:42:20
Error Message: Attempted Counter Terrorism by file:///A|/Trading.htm.

=== 1997 Mar 13  18:55:32
Error Message: Attempted Counter Terrorism by http://www.weddingweb.com/expert.advice/rita.bigel.html.

=== 1997 Mar 14  03:55:16
Error Message: Attempted Counter Terrorism by http://www.weddingweb.com/expert.advice/rita.bigel.html.

=== 1997 Mar 21  20:17:50
Error Message: Attempted Counter Terrorism by http://www.weddingweb.com/expert.advice/rita.bigel.html.

=== 1997 Mar 23  18:20:13
Error Message: Attempted Counter Terrorism by http://www.weddingweb.com/expert.advice/rita.bigel.html.

=== 1997 Mar 27  10:04:24
Error Message: Attempted Counter Terrorism by http://dbsinyc.com/jayrobot/Trading.htm.

=== 1997 Mar 27  10:04:38
Error Message: Attempted Counter Terrorism by http://dbsinyc.com/jayrobot/.

=== 1997 Mar 27  11:08:52
Error Message: Attempted Counter Terrorism by http://www.rubystaphouse.com/.

=== 1997 Mar 27  11:09:06
Error Message: Attempted Counter Terrorism by http://www.rubystaphouse.com/.

=== 1997 Mar 27  11:12:10
Error Message: Attempted Counter Terrorism by http://www.rubystaphouse.com/.

=== 1997 Mar 27  11:15:21
Error Message: Unable to open image - C:\www\dbsinyc\wwwroot\cgi-bin\cntrgifs\0Wood3D.gif.

=== 1997 Mar 27  11:15:47
Error Message: Unable to open image - C:\www\dbsinyc\wwwroot\cgi-bin\cntrgifs\0Wood3D.gif.

=== 1997 Mar 29  01:18:45
Error Message: Attempted Counter Terrorism by http://www.weddingweb.com/expert.advice/rita.bigel.html.

=== 1997 Apr 01  01:54:19
Error Message: Attempted Counter Terrorism by http://www.weddingweb.com/expert.advice/rita.bigel.html.

=== 1997 Apr 01  02:13:16
Error Message: Attempted Counter Terrorism by http://www.geocities.com/SunsetStrip/Alley/5647/death.html.

=== 1997 Apr 01  20:10:00
Error Message: Attempted Counter Terrorism by http://www.nycbeer.org/drinking.html.

=== 1997 Apr 02  23:31:25
Error Message: Attempted Counter Terrorism by http://www.geocities.com/SunsetStrip/Alley/5647/trader.html.

=== 1997 Apr 09  09:44:07
Error Message: Attempted Counter Terrorism by http://kinsale.com/.

=== 1997 Apr 09  12:17:32
Error Message: Attempted Counter Terrorism by http://www.kinsale.com/.

=== 1997 Apr 09  12:18:55
Error Message: Attempted Counter Terrorism by http://www.kinsale.com/.

=== 1997 Apr 10  04:25:32
Error Message: Attempted Counter Terrorism by http://www.weddingweb.com/expert.advice/rita.bigel.html.

=== 1997 Apr 10  22:53:20
Error Message: Attempted Counter Terrorism by http://207.111.67.12/bars/RubysTapHouse.htm.

=== 1997 Apr 11  11:58:02
Error Message: Attempted Counter Terrorism by http://www.rubystaphouse.com/.

=== 1997 Apr 14  14:30:23
Error Message: Attempted Counter Terrorism by http://www.rubystaphouse.com/.

=== 1997 Apr 14  22:07:39
Error Message: Attempted Counter Terrorism by http://www.rubystaphouse.com/.

=== 1997 Apr 14  23:26:02
Error Message: Attempted Counter Terrorism by http://www.weddingweb.com/expert.advice/rita.bigel.html.

=== 1997 Apr 17  17:43:02
Error Message: Attempted Counter Terrorism by http://www.weddingweb.com/expert.advice/rita.bigel.html.

=== 1997 Apr 19  04:34:34
Error Message: Attempted Counter Terrorism by http://www.weddingweb.com/expert.advice/rita.bigel.html.

=== 1997 Apr 19  23:35:16
Error Message: Attempted Counter Terrorism by http://www.weddingweb.com/expert.advice/rita.bigel.html.

=== 1997 Apr 22  20:22:07
Error Message: Attempted Counter Terrorism by http://www.weddingweb.com/expert.advice/rita.bigel.html.

=== 1997 Apr 25  20:31:12
Error Message: Attempted Counter Terrorism by http://fly.HiWAAY.net/~leonc/tutl/tutlqtot.htm.

=== 1997 Apr 26  16:29:43
Error Message: Attempted Counter Terrorism by http://www.weddingweb.com/expert.advice/rita.bigel.html.

=== 1997 Apr 29  17:09:04
Error Message: Attempted Counter Terrorism by http://tapetracker.com/traderindex/SearchResultsSummary.asp.

=== 1997 Apr 30  11:40:51
Error Message: Attempted Counter Terrorism by http://www.weddingweb.com/expert.advice/rita.bigel.html.

=== 1997 May 03  11:39:48
Error Message: Attempted Counter Terrorism by http://www.weddingweb.com/expert.advice/rita.bigel.html.

=== 1997 May 03  22:12:12
Error Message: Attempted Counter Terrorism by http://www.weddingweb.com/expert.advice/rita.bigel.html.

=== 1997 May 06  19:38:28
Error Message: Attempted Counter Terrorism by file:\\LUCIFER\DIABLO\www\rubystaphouse\wwwroot\INDEX.HTM.

=== 1997 May 07  02:41:37
Error Message: Attempted Counter Terrorism by http://fly.HiWAAY.net/~leonc/tutl/tutlqtot.htm.

=== 1997 May 07  13:08:42
Error Message: Attempted Counter Terrorism by http://fly.HiWAAY.net/~leonc/tutl/tutlqtot.htm.

=== 1997 May 07  19:37:34
Error Message: Attempted Counter Terrorism by http://www.weddingweb.com/expert.advice/rita.bigel.html.

=== 1997 May 10  04:58:31
Error Message: Attempted Counter Terrorism by http://www.excite.com/search.gw.

=== 1997 May 14  20:52:06
Error Message: Attempted Counter Terrorism by http://fly.HiWAAY.net/~leonc/tutl/tutlqtot.htm.

=== 1997 May 15  05:04:05
Error Message: Attempted Counter Terrorism by file:C:\WINDOWS\Ty”p”yt„\Index.htm.

=== 1997 May 17  12:14:10
Error Message: Attempted Counter Terrorism by http://www.altavista.digital.com/cgi-bin/query.

=== 1997 May 17  23:57:25
Error Message: Attempted Counter Terrorism by http://fly.HiWAAY.net/~leonc/tutl/tutlqtot.htm.

=== 1997 May 25  16:26:56
Error Message: Attempted Counter Terrorism by file:///C|/WINDOWS/D… ŒöŠ‚ ¤•Œ‰/WINDOWS.95/Trading.htm.

=== 1997 May 25  17:19:45
Error Message: Attempted Counter Terrorism by file:///C|/WINDOWS/D… ŒöŠ‚ ¤•Œ‰/WINDOWS.95/Trading.htm.

=== 1997 May 28  20:21:11
Error Message: Attempted Counter Terrorism by http://dbsinyc.com/bigel/bridesguide/.

=== 1997 Jun 03  09:17:34
Error Message: Attempted Counter Terrorism by file:///C|/NETSCAPE/L.HTM.

=== 1997 Jun 07  05:21:46
Error Message: Attempted Counter Terrorism by http://www.geocities.com/SunsetStrip/Alley/5647/death.html.

=== 1997 Jun 10  19:08:05
Error Message: Attempted Counter Terrorism by http://www.weddingweb.com/expert.advice/rita.bigel.html.

=== 1997 Jun 10  20:05:57
Error Message: Attempted Counter Terrorism by http://www.weddingweb.com/expert.advice/rita.bigel.html.

=== 1997 Jun 11  14:44:23
Error Message: Attempted Counter Terrorism by http://www.comfind.com/search/comfind.

=== 1997 Jun 23  01:51:19
Error Message: Attempted Counter Terrorism by http://www.weddingweb.com/expert.advice/rita.bigel.html.

=== 1997 Jun 23  18:02:28
Error Message: Attempted Counter Terrorism by http://www.weddingweb.com/expert.advice/rita.bigel.html.

=== 1997 Jun 25  22:35:26
Error Message: Attempted Counter Terrorism by http://tapetracker.com/traderindex/SearchResultsSummary.asp.

=== 1997 Jun 28  18:58:28
Error Message: Attempted Counter Terrorism by http://www.weddingweb.com/expert.advice/rita.bigel.html.

=== 1997 Jun 29  17:08:29
Error Message: Attempted Counter Terrorism by http://www.geocities.com/SunsetStrip/Palms/2296/links.htm.

=== 1997 Jul 03  00:43:48
Error Message: Attempted Counter Terrorism by file:///c:/dclients/jay/webpage/html/index.htm.

=== 1997 Jul 05  01:06:11
Error Message: Attempted Counter Terrorism by http://pw1.netcom.com/~a1amark/p3.htm.

=== 1997 Jul 07  18:28:21
Error Message: Attempted Counter Terrorism by http://www.weddingweb.com/expert.advice/rita.bigel.html.

=== 1997 Jul 11  11:57:19
Error Message: Attempted Counter Terrorism by http://av.yahoo.com/bin/query.

=== 1997 Jul 15  02:06:56
Error Message: Attempted Counter Terrorism by http://fly.HiWAAY.net/~leonc/tutl/tutlqtot.htm.

=== 1997 Jul 17  21:11:33
Error Message: Attempted Counter Terrorism by http://pw1.netcom.com/~a1amark/p3.htm.

=== 1997 Jul 23  09:52:22
Error Message: Attempted Counter Terrorism by http://www.weddingweb.com/expert.advice/rita.bigel.html.

=== 1997 Jul 26  01:54:16
Error Message: Attempted Counter Terrorism by http://fly.HiWAAY.net/~leonc/tutl/tutlqtot.htm.

=== 1997 Aug 06  16:51:42
Error Message: Attempted Counter Terrorism by file:///C|/dclients/jay/webpage/HTML/Index.htm.

=== 1997 Aug 09  08:42:19
Error Message: Attempted Counter Terrorism by http://www.weddingweb.com/expert.advice/rita.bigel.html.

=== 1997 Aug 11  01:28:01
Error Message: Attempted Counter Terrorism by http://www.nycbeer.org/drinking.html.

=== 1997 Aug 18  10:20:25
Error Message: Attempted Counter Terrorism by http://www.weddingweb.com/expert.advice/rita.bigel.html.

=== 1997 Aug 23  07:47:35
Error Message: Attempted Counter Terrorism by http://www.weddingweb.com/expert.advice/rita.bigel.html.

=== 1997 Aug 24  19:49:03
Error Message: Attempted Counter Terrorism by http://www.weddingweb.com/expert.advice/rita.bigel.html.

=== 1997 Aug 28  14:11:33
Error Message: Attempted Counter Terrorism by http://www.weddingweb.com/expert.advice/rita.bigel.html.

=== 1997 Aug 28  22:28:10
Error Message: Attempted Counter Terrorism by http://www.weddingweb.com/expert.advice/rita.bigel.html.

=== 1997 Aug 30  16:06:44
Error Message: Attempted Counter Terrorism by http://www.geocities.com/SunsetStrip/Alley/5647/death.html.

=== 1997 Sep 01  08:47:11
Error Message: Attempted Counter Terrorism by http://www.geocities.com/SunsetStrip/Alley/5647/death.html.

=== 1997 Sep 01  12:06:33
Error Message: Attempted Counter Terrorism by http://www.geocities.com/SunsetStrip/Alley/5647/death.html.

=== 1997 Sep 01  21:09:23
Error Message: Attempted Counter Terrorism by http://fly.HiWAAY.net/~leonc/tutl/tutlqtot.htm.

=== 1997 Sep 02  16:45:55
Error Message: Attempted Counter Terrorism by http://www.geocities.com/SunsetStrip/Alley/5647/death.html.

=== 1997 Sep 02  22:11:04
Error Message: Attempted Counter Terrorism by file:///c:/dclients/jay/webpage/html/index.htm.

=== 1997 Sep 06  22:58:23
Error Message: Attempted Counter Terrorism by http://www.mallpark.com/cgi-bin/redirect.pl?36815.cgi.

=== 1997 Sep 12  19:54:27
Error Message: Attempted Counter Terrorism by http://www.weddingweb.com/expert.advice/rita.bigel.html.

=== 1997 Sep 27  04:16:18
Error Message: Attempted Counter Terrorism by file:///c:/dclients/jay/webpage/html/index.htm.

=== 1997 Oct 02  00:03:00
Error Message: Attempted Counter Terrorism by file:///C|/INTERNET/NETSCAPE/TRADING.HTM.

=== 1997 Oct 18  03:39:21
Error Message: Attempted Counter Terrorism by http://www.mindspring.com/%7Egoden/trader.htm.

=== 1997 Oct 18  15:06:02
Error Message: Attempted Counter Terrorism by http://www.weddingweb.com/expert.advice/rita.bigel.html.

=== 1997 Nov 02  17:18:02
Error Message: Attempted Counter Terrorism by http://www.mindspring.com/%7Egoden/trader.htm.

=== 1997 Nov 05  12:43:07
Error Message: Attempted Counter Terrorism by file:///c:/dclients/jay/webpage/html/index.htm.

=== 1997 Nov 05  12:43:17
Error Message: Attempted Counter Terrorism by file:///c:/dclients/jay/webpage/html/Trading.htm.

=== 1997 Nov 17  18:23:27
Error Message: Attempted Counter Terrorism by file:///c:/dclients/jay/webpage/html/Trading.htm.

=== 1997 Nov 17  18:26:06
Error Message: Attempted Counter Terrorism by file:///c:/dclients/jay/webpage/html/Trading.htm.

=== 1997 Nov 17  18:26:49
Error Message: Attempted Counter Terrorism by file:///c:/dclients/jay/webpage/html/Trading.htm.

=== 1997 Dec 16  14:08:08
Error Message: Attempted Counter Terrorism by file:///G|/WWW/dbsinyc/WWWROOT/jayrobot/index.HTM.

=== 1997 Dec 30  09:34:37
Error Message: Attempted Counter Terrorism by file:///A|/MASTER.HTM.

=== 1998 Jan 03  12:41:24
Error Message: Attempted Counter Terrorism by file:///c:/dclients/jay/webpage/html/Master.htm.

=== 1998 Jan 11  14:50:29
Error Message: Attempted Counter Terrorism by file:///C|/LAGER/MASTER.HTM.

=== 1998 Jan 15  17:45:39
Error Message: Attempted Counter Terrorism by file:A:\RUBYSTAP.HTM.

=== 1998 Jan 24  22:15:55
Error Message: Attempted Counter Terrorism by http://www.weddingweb.com/expert.advice/rita.bigel.html.

=== 1998 Feb 08  14:24:25
Error Message: Attempted Counter Terrorism by file:///C|/RASMUS/MASTER.HTM.

=== 1998 Feb 15  13:59:48
Error Message: Attempted Counter Terrorism by http://www.angelfire.com/biz/enemysam/linksoil.html.

=== 1998 Feb 25  23:01:21
Error Message: Attempted Counter Terrorism by http://www.angelfire.com/biz/enemysam/linksoil.html.

=== 1998 Mar 02  15:16:18
Error Message: Attempted Counter Terrorism by http://tapetracker.com/traderindex/Framed_Trader_Detail.asp.

=== 1998 Mar 06  19:54:19
Error Message: Attempted Counter Terrorism by http://www.tapetrader.com/tutl/tutlqtot.htm.

=== 1998 Mar 07  22:40:27
Error Message: Attempted Counter Terrorism by http://altavista.digital.com/cgi-bin/query.

=== 1998 Mar 18  12:22:20
Error Message: Attempted Counter Terrorism by file:///C|/dclients/xillion/Index.htm.

=== 1998 Apr 15  10:31:32
Error Message: Attempted Counter Terrorism by file:///C|/dclients/XILLION/index.htm.

=== 1998 Apr 15  10:32:52
Error Message: Attempted Counter Terrorism by file:///C|/dclients/XILLION/index.htm.

=== 1998 Apr 17  11:49:43
Error Message: Attempted Counter Terrorism by file:C:\WINDOWS\Escritorio\Nueva carpeta\JayList.htm.

=== 1998 Apr 30  11:59:43
Error Message: Attempted Counter Terrorism by http://xillionrock.com/.

=== 1998 Apr 30  11:59:59
Error Message: Attempted Counter Terrorism by http://xillionrock.com/Index.htm.

=== 1998 May 17  15:59:28
Error Message: Attempted Counter Terrorism by http://babelfish.altavista.digital.com/cgi-bin/translate?.

=== 1998 May 20  15:10:15
Error Message: Attempted Counter Terrorism by file:///C|/dclients/XILLION/Index.htm.

=== 1998 May 20  15:17:25
Error Message: Attempted Counter Terrorism by file:///C|/dclients/xillion/index.htm.

=== 1998 May 28  03:14:08
Error Message: Attempted Counter Terrorism by file:C:\WINDOWS\Escritorio\Nueva carpeta\JayList.htm.

=== 1998 May 28  03:15:58
Error Message: Attempted Counter Terrorism by file:C:\WINDOWS\Escritorio\Nueva carpeta\JayList.htm.

=== 1998 May 31  22:41:10
Error Message: Attempted Counter Terrorism by http://av.yahoo.com/bin/query.

=== 1998 Jun 01  21:44:22
Error Message: Attempted Counter Terrorism by file:///C|/dclients/jay/webpage/HTML/MASTER.HTM.

=== 1998 Jun 04  08:33:13
Error Message: Attempted Counter Terrorism by file:///c:/dclients/jay/webpage/html/index.htm.

=== 1998 Jun 04  08:33:15
Error Message: Attempted Counter Terrorism by file:///c:/dclients/jay/webpage/html/Trading.htm.

=== 1998 Jun 04  08:33:20
Error Message: Attempted Counter Terrorism by file:///c:/dclients/jay/webpage/html/Master.htm.

